<?xml version="1.0" encoding="UTF-8"?>
<!-- Generated by org.testng.reporters.JUnitXMLReporter -->
<testsuite ignored="4" hostname="MYPROBOOK" failures="0" tests="3" name="Test" time="48.259" errors="0" timestamp="2024-02-28T12:04:48 BDT">
  <testcase classname="com.it.bd.tests.LoginTest" name="testLoginMethod" time="10.96"/>
  <testcase classname="com.it.bd.tests.AddEmployeeTest" name="testAddEmployeeMethod" time="13.775"/>
  <testcase classname="com.it.bd.tests.LogoutTest" name="testLogoutMethod" time="3.064"/>
  <testcase classname="com.it.bd.drivers.BaseDriver" name="@BeforeSuite startBrowser" time="0.0">
    <ignored/>
  </testcase> <!-- @BeforeSuite startBrowser -->
  <testcase classname="com.it.bd.drivers.BaseDriver" name="@BeforeSuite startBrowser" time="0.0">
    <ignored/>
  </testcase> <!-- @BeforeSuite startBrowser -->
  <testcase classname="com.it.bd.drivers.BaseDriver" name="@AfterSuite closeBrowser" time="0.0">
    <ignored/>
  </testcase> <!-- @AfterSuite closeBrowser -->
  <testcase classname="com.it.bd.drivers.BaseDriver" name="@AfterSuite closeBrowser" time="0.0">
    <ignored/>
  </testcase> <!-- @AfterSuite closeBrowser -->
</testsuite> <!-- Test -->
